Using pre-set license
Built from '6000.0/release' branch; Version is '6000.0.25f1 (4859ab7b5a49) revision 4741547'; Using compiler version '193933523'; Build Type 'Release'
OS: 'Windows 11  (10.0.22631) 64bit Core' Language: 'en' Physical Memory: 16227 MB
BatchMode: 1, IsHumanControllingUs: 0, StartBugReporterOnCrash: 0, Is64bit: 1, IsPro: 1

COMMAND LINE ARGUMENTS:
C:\Program Files\Unity\Hub\Editor\6000.0.25f1\Editor\Unity.exe
-adb2
-batchMode
-noUpm
-name
AssetImportWorker3
-projectPath
C:/Users/Alexi/OneDrive/Documents/GitHub/The-Game/The Game
-logFile
Logs/AssetImportWorker3.log
-srvPort
64062
-job-worker-count
9
-background-job-worker-count
8
-asset-garbage-collectors
1
Successfully changed project path to: C:/Users/Alexi/OneDrive/Documents/GitHub/The-Game/The Game
C:/Users/Alexi/OneDrive/Documents/GitHub/The-Game/The Game
[UnityMemory] Configuration Parameters - Can be set up in boot.config
    "memorysetup-bucket-allocator-granularity=16"
    "memorysetup-bucket-allocator-bucket-count=8"
    "memorysetup-bucket-allocator-block-size=33554432"
    "memorysetup-bucket-allocator-block-count=8"
    "memorysetup-main-allocator-block-size=16777216"
    "memorysetup-thread-allocator-block-size=16777216"
    "memorysetup-gfx-main-allocator-block-size=16777216"
    "memorysetup-gfx-thread-allocator-block-size=16777216"
    "memorysetup-cache-allocator-block-size=4194304"
    "memorysetup-typetree-allocator-block-size=2097152"
    "memorysetup-profiler-bucket-allocator-granularity=16"
    "memorysetup-profiler-bucket-allocator-bucket-count=8"
    "memorysetup-profiler-bucket-allocator-block-size=33554432"
    "memorysetup-profiler-bucket-allocator-block-count=8"
    "memorysetup-profiler-allocator-block-size=16777216"
    "memorysetup-profiler-editor-allocator-block-size=1048576"
    "memorysetup-temp-allocator-size-main=16777216"
    "memorysetup-job-temp-allocator-block-size=2097152"
    "memorysetup-job-temp-allocator-block-size-background=1048576"
    "memorysetup-job-temp-allocator-reduction-small-platforms=262144"
    "memorysetup-allocator-temp-initial-block-size-main=262144"
    "memorysetup-allocator-temp-initial-block-size-worker=262144"
    "memorysetup-temp-allocator-size-background-worker=32768"
    "memorysetup-temp-allocator-size-job-worker=262144"
    "memorysetup-temp-allocator-size-preload-manager=33554432"
    "memorysetup-temp-allocator-size-nav-mesh-worker=65536"
    "memorysetup-temp-allocator-size-audio-worker=65536"
    "memorysetup-temp-allocator-size-cloud-worker=32768"
    "memorysetup-temp-allocator-size-gi-baking-worker=262144"
    "memorysetup-temp-allocator-size-gi-baking-worker=262144"
    "memorysetup-temp-allocator-size-gi-baking-worker=262144"
    "memorysetup-temp-allocator-size-gi-baking-worker=262144"
    "memorysetup-temp-allocator-size-gi-baking-worker=262144"
    "memorysetup-temp-allocator-size-gfx=262144"
Player connection [28796]  Target information:

Player connection [28796]  * "[IP] 192.168.2.24 [Port] 0 [Flags] 2 [Guid] 771943997 [EditorId] 771943997 [Version] 1048832 [Id] WindowsEditor(7,Alexie_PC) [Debug] 1 [PackageName] WindowsEditor [ProjectName] Editor" 

Player connection [28796]  * "[IP] 192.168.199.1 [Port] 0 [Flags] 2 [Guid] 771943997 [EditorId] 771943997 [Version] 1048832 [Id] WindowsEditor(7,Alexie_PC) [Debug] 1 [PackageName] WindowsEditor [ProjectName] Editor" 

Player connection [28796]  * "[IP] 192.168.36.1 [Port] 0 [Flags] 2 [Guid] 771943997 [EditorId] 771943997 [Version] 1048832 [Id] WindowsEditor(7,Alexie_PC) [Debug] 1 [PackageName] WindowsEditor [ProjectName] Editor" 

Player connection [28796] Host joined multi-casting on [225.0.0.222:54997]...
Player connection [28796] Host joined alternative multi-casting on [225.0.0.222:34997]...
JobSystem: Creating JobQueue using job-worker-count value 9
[Physics::Module] Initialized fallback backend.
[Physics::Module] Id: 0xdecafbad
Library Redirect Path: Library/
[Physics::Module] Selected backend.
[Physics::Module] Name: PhysX
[Physics::Module] Id: 0xf2b8ea05
[Physics::Module] SDK Version: 4.1.2
[Physics::Module] Integration Version: 1.0.0
[Physics::Module] Threading Mode: Multi-Threaded
Refreshing native plugins compatible for Editor in 4.21 ms, found 4 plugins.
Preloading 0 native plugins for Editor in 0.00 ms.
Initialize engine version: 6000.0.25f1 (4859ab7b5a49)
[Subsystems] Discovering subsystems at path C:/Program Files/Unity/Hub/Editor/6000.0.25f1/Editor/Data/Resources/UnitySubsystems
[Subsystems] Discovering subsystems at path C:/Users/Alexi/OneDrive/Documents/GitHub/The-Game/The Game/Assets
GfxDevice: creating device client; kGfxThreadingModeNonThreaded
Direct3D:
    Version:  Direct3D 11.0 [level 11.1]
    Renderer: NVIDIA GeForce RTX 3060 (ID=0x2504)
    Vendor:   NVIDIA
    VRAM:     12115 MB
    Driver:   32.0.15.6109
Initialize mono
Mono path[0] = 'C:/Program Files/Unity/Hub/Editor/6000.0.25f1/Editor/Data/Managed'
Mono path[1] = 'C:/Program Files/Unity/Hub/Editor/6000.0.25f1/Editor/Data/MonoBleedingEdge/lib/mono/unityjit-win32'
Mono config path = 'C:/Program Files/Unity/Hub/Editor/6000.0.25f1/Editor/Data/MonoBleedingEdge/etc'
Using monoOptions --debugger-agent=transport=dt_socket,embedding=1,server=y,suspend=n,address=127.0.0.1:56740
Begin MonoManager ReloadAssembly
Registering precompiled unity dll's ...
Register platform support module: C:/Program Files/Unity/Hub/Editor/6000.0.25f1/Editor/Data/PlaybackEngines/WebGLSupport/UnityEditor.WebGL.Extensions.dll
Register platform support module: C:/Program Files/Unity/Hub/Editor/6000.0.25f1/Editor/Data/PlaybackEngines/WindowsStandaloneSupport/UnityEditor.WindowsStandalone.Extensions.dll
Registered in 0.002443 seconds.
- Loaded All Assemblies, in  0.323 seconds
Native extension for WindowsStandalone target not found
Native extension for WebGL target not found
Mono: successfully reloaded assembly
- Finished resetting the current domain, in  0.246 seconds
Domain Reload Profiling: 568ms
	BeginReloadAssembly (137ms)
		ExecutionOrderSort (0ms)
		DisableScriptedObjects (0ms)
		BackupInstance (0ms)
		ReleaseScriptingObjects (0ms)
		CreateAndSetChildDomain (1ms)
	RebuildCommonClasses (28ms)
	RebuildNativeTypeToScriptingClass (9ms)
	initialDomainReloadingComplete (36ms)
	LoadAllAssembliesAndSetupDomain (112ms)
		LoadAssemblies (135ms)
		RebuildTransferFunctionScriptingTraits (0ms)
		AnalyzeDomain (110ms)
			TypeCache.Refresh (109ms)
				TypeCache.ScanAssembly (99ms)
			BuildScriptInfoCaches (0ms)
			ResolveRequiredComponents (0ms)
	FinalizeReload (246ms)
		ReleaseScriptCaches (0ms)
		RebuildScriptCaches (0ms)
		SetupLoadedEditorAssemblies (213ms)
			LogAssemblyErrors (0ms)
			InitializePlatformSupportModulesInManaged (20ms)
			SetLoadedEditorAssemblies (3ms)
			BeforeProcessingInitializeOnLoad (5ms)
			ProcessInitializeOnLoadAttributes (139ms)
			ProcessInitializeOnLoadMethodAttributes (43ms)
			AfterProcessingInitializeOnLoad (2ms)
			EditorAssembliesLoaded (0ms)
		ExecutionOrderSort2 (0ms)
		AwakeInstancesAfterBackupRestoration (0ms)
========================================================================
Worker process is ready to serve import requests
Import Worker Mode flag is 0x00
Begin MonoManager ReloadAssembly
- Loaded All Assemblies, in  1.488 seconds
Refreshing native plugins compatible for Editor in 1.66 ms, found 4 plugins.
Native extension for WindowsStandalone target not found
Native extension for WebGL target not found
Mono: successfully reloaded assembly
- Finished resetting the current domain, in  0.974 seconds
Domain Reload Profiling: 2458ms
	BeginReloadAssembly (767ms)
		ExecutionOrderSort (0ms)
		DisableScriptedObjects (5ms)
		BackupInstance (0ms)
		ReleaseScriptingObjects (0ms)
		CreateAndSetChildDomain (27ms)
	RebuildCommonClasses (33ms)
	RebuildNativeTypeToScriptingClass (10ms)
	initialDomainReloadingComplete (37ms)
	LoadAllAssembliesAndSetupDomain (637ms)
		LoadAssemblies (515ms)
		RebuildTransferFunctionScriptingTraits (0ms)
		AnalyzeDomain (231ms)
			TypeCache.Refresh (153ms)
				TypeCache.ScanAssembly (134ms)
			BuildScriptInfoCaches (67ms)
			ResolveRequiredComponents (8ms)
	FinalizeReload (975ms)
		ReleaseScriptCaches (0ms)
		RebuildScriptCaches (0ms)
		SetupLoadedEditorAssemblies (642ms)
			LogAssemblyErrors (0ms)
			InitializePlatformSupportModulesInManaged (3ms)
			SetLoadedEditorAssemblies (3ms)
			BeforeProcessingInitializeOnLoad (57ms)
			ProcessInitializeOnLoadAttributes (447ms)
			ProcessInitializeOnLoadMethodAttributes (127ms)
			AfterProcessingInitializeOnLoad (5ms)
			EditorAssembliesLoaded (0ms)
		ExecutionOrderSort2 (0ms)
		AwakeInstancesAfterBackupRestoration (4ms)
Launched and connected shader compiler UnityShaderCompiler.exe after 0.23 seconds
Refreshing native plugins compatible for Editor in 2.18 ms, found 4 plugins.
Preloading 0 native plugins for Editor in 0.00 ms.
Unloading 206 Unused Serialized files (Serialized files now loaded: 0)
Unloading 6516 unused Assets / (4.7 MB). Loaded Objects now: 7294.
Memory consumption went from 203.8 MB to 199.2 MB.
Total: 11.106900 ms (FindLiveObjects: 1.366400 ms CreateObjectMapping: 0.459500 ms MarkObjects: 6.857400 ms  DeleteObjects: 2.419600 ms)

========================================================================
Received Import Request.
  Time since last request: 203494.627676 seconds.
  path: Assets/Sprites/Knight Files/Body Parts/body upper.png
  artifactKey: Guid(131afc7c0c638d24f92ba75ccdab2b38) Importer(815301076,1909f56bfc062723c751e8b465ee728b)
Start importing Assets/Sprites/Knight Files/Body Parts/body upper.png using Guid(131afc7c0c638d24f92ba75ccdab2b38) Importer(815301076,1909f56bfc062723c751e8b465ee728b) (PreviewImporter) -> (artifact id: 'bfc8e6193e0ea98a48a2e2dbdefc5ec5') in 0.0845699 seconds
Number of updated asset objects reloaded before import = 0Number of asset objects unloaded after import = 3

========================================================================
Received Import Request.
  Time since last request: 0.000027 seconds.
  path: Assets/Sprites/Knight Files/Body Parts/Legs.png
  artifactKey: Guid(62ee3ccb82dad494e87e6f58795f2132) Importer(815301076,1909f56bfc062723c751e8b465ee728b)
Start importing Assets/Sprites/Knight Files/Body Parts/Legs.png using Guid(62ee3ccb82dad494e87e6f58795f2132) Importer(815301076,1909f56bfc062723c751e8b465ee728b) (PreviewImporter) -> (artifact id: '1106ed2ade75882f657473e0a72d9a0e') in 0.0187799 seconds
Number of updated asset objects reloaded before import = 0Number of asset objects unloaded after import = 3

========================================================================
Received Import Request.
  Time since last request: 0.000034 seconds.
  path: Assets/Sprites/Knight Files/Body Parts/Left Arm.png
  artifactKey: Guid(79bfc252d4b629e42aae89f50be095af) Importer(815301076,1909f56bfc062723c751e8b465ee728b)
Start importing Assets/Sprites/Knight Files/Body Parts/Left Arm.png using Guid(79bfc252d4b629e42aae89f50be095af) Importer(815301076,1909f56bfc062723c751e8b465ee728b) (PreviewImporter) -> (artifact id: 'bf2c93f2cf056c6350893022e4a53c1e') in 0.0171426 seconds
Number of updated asset objects reloaded before import = 0Number of asset objects unloaded after import = 3

========================================================================
Received Import Request.
  Time since last request: 0.000017 seconds.
  path: Assets/Sprites/Knight Files/Body Parts/Right Arm.png
  artifactKey: Guid(034d324c158efbb49993409265a738d9) Importer(815301076,1909f56bfc062723c751e8b465ee728b)
Start importing Assets/Sprites/Knight Files/Body Parts/Right Arm.png using Guid(034d324c158efbb49993409265a738d9) Importer(815301076,1909f56bfc062723c751e8b465ee728b) (PreviewImporter) -> (artifact id: 'a42baadc88d98559a710e3bee79af7a2') in 0.0185463 seconds
Number of updated asset objects reloaded before import = 0Number of asset objects unloaded after import = 3

========================================================================
Received Import Request.
  Time since last request: 11.707010 seconds.
  path: Assets/Sprites/Knight Files/Effect & FireBalls/dashwind_03.png
  artifactKey: Guid(b5396be67fea11741b097c1481fb5352) Importer(815301076,1909f56bfc062723c751e8b465ee728b)
Start importing Assets/Sprites/Knight Files/Effect & FireBalls/dashwind_03.png using Guid(b5396be67fea11741b097c1481fb5352) Importer(815301076,1909f56bfc062723c751e8b465ee728b) (PreviewImporter) -> (artifact id: 'ee8ad18a2db4f939b3994caf174eeacc') in 0.0162116 seconds
Number of updated asset objects reloaded before import = 0Number of asset objects unloaded after import = 3

========================================================================
Received Import Request.
  Time since last request: 0.000016 seconds.
  path: Assets/Sprites/Knight Files/Effect & FireBalls/dashwind_06.png
  artifactKey: Guid(4cb7b9b52e6ff634d996fa09d0a74305) Importer(815301076,1909f56bfc062723c751e8b465ee728b)
Start importing Assets/Sprites/Knight Files/Effect & FireBalls/dashwind_06.png using Guid(4cb7b9b52e6ff634d996fa09d0a74305) Importer(815301076,1909f56bfc062723c751e8b465ee728b) (PreviewImporter) -> (artifact id: 'e3cf9e3b639ad40182dec3090c7839bc') in 0.014184 seconds
Number of updated asset objects reloaded before import = 0Number of asset objects unloaded after import = 3

========================================================================
Received Import Request.
  Time since last request: 0.000155 seconds.
  path: Assets/Sprites/Knight Files/Effect & FireBalls/explosion_05.png
  artifactKey: Guid(82e10937dee60ac49aab93107e008888) Importer(815301076,1909f56bfc062723c751e8b465ee728b)
Start importing Assets/Sprites/Knight Files/Effect & FireBalls/explosion_05.png using Guid(82e10937dee60ac49aab93107e008888) Importer(815301076,1909f56bfc062723c751e8b465ee728b) (PreviewImporter) -> (artifact id: '1d7b4943335ec1395107aa71d634280b') in 0.0185815 seconds
Number of updated asset objects reloaded before import = 0Number of asset objects unloaded after import = 3

========================================================================
Received Import Request.
  Time since last request: 0.000021 seconds.
  path: Assets/Sprites/Knight Files/Effect & FireBalls/explosion_06.png
  artifactKey: Guid(5570ce90349bcee48ad72f984407eb70) Importer(815301076,1909f56bfc062723c751e8b465ee728b)
Start importing Assets/Sprites/Knight Files/Effect & FireBalls/explosion_06.png using Guid(5570ce90349bcee48ad72f984407eb70) Importer(815301076,1909f56bfc062723c751e8b465ee728b) (PreviewImporter) -> (artifact id: 'eb5759de45df629203827d0767f52eb7') in 0.0192409 seconds
Number of updated asset objects reloaded before import = 0Number of asset objects unloaded after import = 3

========================================================================
Received Import Request.
  Time since last request: 0.000024 seconds.
  path: Assets/Sprites/Knight Files/Effect & FireBalls/explosion_01.png
  artifactKey: Guid(293276643bb2ddd408d9145f15db23e2) Importer(815301076,1909f56bfc062723c751e8b465ee728b)
Start importing Assets/Sprites/Knight Files/Effect & FireBalls/explosion_01.png using Guid(293276643bb2ddd408d9145f15db23e2) Importer(815301076,1909f56bfc062723c751e8b465ee728b) (PreviewImporter) -> (artifact id: '8a780a4ce2cb65d60c0036d2c11bc54c') in 0.0197098 seconds
Number of updated asset objects reloaded before import = 0Number of asset objects unloaded after import = 3

========================================================================
Received Import Request.
  Time since last request: 6.531129 seconds.
  path: Assets/Sprites/Knight Files/Knight PNG/Knight_attack_05.png
  artifactKey: Guid(2d634060b61eb214a949fcd4b88122d9) Importer(815301076,1909f56bfc062723c751e8b465ee728b)
Start importing Assets/Sprites/Knight Files/Knight PNG/Knight_attack_05.png using Guid(2d634060b61eb214a949fcd4b88122d9) Importer(815301076,1909f56bfc062723c751e8b465ee728b) (PreviewImporter) -> (artifact id: '222722d7327e33145ac7c504eabeb0a1') in 0.0264411 seconds
Number of updated asset objects reloaded before import = 0Number of asset objects unloaded after import = 3

========================================================================
Received Import Request.
  Time since last request: 0.000014 seconds.
  path: Assets/Sprites/Knight Files/Knight PNG/Knight_die_04.png
  artifactKey: Guid(20eaf3352119b4a498d894619016f686) Importer(815301076,1909f56bfc062723c751e8b465ee728b)
Start importing Assets/Sprites/Knight Files/Knight PNG/Knight_die_04.png using Guid(20eaf3352119b4a498d894619016f686) Importer(815301076,1909f56bfc062723c751e8b465ee728b) (PreviewImporter) -> (artifact id: 'fa77d69fe5f6e2fbe18859f5f6a4f30c') in 0.0186868 seconds
Number of updated asset objects reloaded before import = 0Number of asset objects unloaded after import = 3

========================================================================
Received Import Request.
  Time since last request: 0.000018 seconds.
  path: Assets/Sprites/Knight Files/Knight PNG/Knight_jumpAttack_03.png
  artifactKey: Guid(b71c94828f125d947a93a6b6746586f1) Importer(815301076,1909f56bfc062723c751e8b465ee728b)
Start importing Assets/Sprites/Knight Files/Knight PNG/Knight_jumpAttack_03.png using Guid(b71c94828f125d947a93a6b6746586f1) Importer(815301076,1909f56bfc062723c751e8b465ee728b) (PreviewImporter) -> (artifact id: '99d4bfc98b41c86783da1a522e47878c') in 0.0225597 seconds
Number of updated asset objects reloaded before import = 0Number of asset objects unloaded after import = 3

========================================================================
Received Import Request.
  Time since last request: 0.000021 seconds.
  path: Assets/Sprites/Knight Files/Knight PNG/Knight_cast_05.png
  artifactKey: Guid(4890fd93cbdf943489b0cc47d6c1ab5d) Importer(815301076,1909f56bfc062723c751e8b465ee728b)
Start importing Assets/Sprites/Knight Files/Knight PNG/Knight_cast_05.png using Guid(4890fd93cbdf943489b0cc47d6c1ab5d) Importer(815301076,1909f56bfc062723c751e8b465ee728b) (PreviewImporter) -> (artifact id: '2b33009532750a83309d2ea1e42a0234') in 0.019446 seconds
Number of updated asset objects reloaded before import = 0Number of asset objects unloaded after import = 3

========================================================================
Received Import Request.
  Time since last request: 0.000034 seconds.
  path: Assets/Sprites/Knight Files/Knight PNG/Knight_dizzy_01.png
  artifactKey: Guid(5727589126812804db2743e7f3c13bea) Importer(815301076,1909f56bfc062723c751e8b465ee728b)
Start importing Assets/Sprites/Knight Files/Knight PNG/Knight_dizzy_01.png using Guid(5727589126812804db2743e7f3c13bea) Importer(815301076,1909f56bfc062723c751e8b465ee728b) (PreviewImporter) -> (artifact id: 'd7aa751232469ffd9b3a50a7d6b6f5c3') in 0.0214012 seconds
Number of updated asset objects reloaded before import = 0Number of asset objects unloaded after import = 3

========================================================================
Received Import Request.
  Time since last request: 0.000014 seconds.
  path: Assets/Sprites/Knight Files/Knight PNG/Knight_walk_05.png
  artifactKey: Guid(950268a606733494f8e4b356b0100a41) Importer(815301076,1909f56bfc062723c751e8b465ee728b)
Start importing Assets/Sprites/Knight Files/Knight PNG/Knight_walk_05.png using Guid(950268a606733494f8e4b356b0100a41) Importer(815301076,1909f56bfc062723c751e8b465ee728b) (PreviewImporter) -> (artifact id: 'be5ce4c0c0c628b95d0465205c4c9431') in 0.0167079 seconds
Number of updated asset objects reloaded before import = 0Number of asset objects unloaded after import = 3

========================================================================
Received Import Request.
  Time since last request: 0.000012 seconds.
  path: Assets/Sprites/Knight Files/Knight PNG/Knight_walk_04.png
  artifactKey: Guid(5f35e0dbf73e2bd4bb8189fcd03962b3) Importer(815301076,1909f56bfc062723c751e8b465ee728b)
Start importing Assets/Sprites/Knight Files/Knight PNG/Knight_walk_04.png using Guid(5f35e0dbf73e2bd4bb8189fcd03962b3) Importer(815301076,1909f56bfc062723c751e8b465ee728b) (PreviewImporter) -> (artifact id: '3e4927a2c4df64a9f3f30a05cd873750') in 0.0204111 seconds
Number of updated asset objects reloaded before import = 0Number of asset objects unloaded after import = 3

========================================================================
Received Import Request.
  Time since last request: 0.000017 seconds.
  path: Assets/Sprites/Knight Files/Knight PNG/Knight_walk_06.png
  artifactKey: Guid(969fce9da2f69834182f5618b7ec2975) Importer(815301076,1909f56bfc062723c751e8b465ee728b)
Start importing Assets/Sprites/Knight Files/Knight PNG/Knight_walk_06.png using Guid(969fce9da2f69834182f5618b7ec2975) Importer(815301076,1909f56bfc062723c751e8b465ee728b) (PreviewImporter) -> (artifact id: '7262dbf27e02ac3fa837fc260d0de82f') in 0.0150529 seconds
Number of updated asset objects reloaded before import = 0Number of asset objects unloaded after import = 3

========================================================================
Received Import Request.
  Time since last request: 0.000017 seconds.
  path: Assets/Sprites/Knight Files/Knight PNG/Knight_die_06.png
  artifactKey: Guid(98dda13dc8bdd7942a802db594a5fae3) Importer(815301076,1909f56bfc062723c751e8b465ee728b)
Start importing Assets/Sprites/Knight Files/Knight PNG/Knight_die_06.png using Guid(98dda13dc8bdd7942a802db594a5fae3) Importer(815301076,1909f56bfc062723c751e8b465ee728b) (PreviewImporter) -> (artifact id: '7c2bd8f7cb5a6369ecd3ad43d52f0f3f') in 0.0220204 seconds
Number of updated asset objects reloaded before import = 0Number of asset objects unloaded after import = 3

========================================================================
Received Import Request.
  Time since last request: 0.000016 seconds.
  path: Assets/Sprites/Knight Files/Knight PNG/Knight_strike_03.png
  artifactKey: Guid(430ad9be76f3bc944b3cf1698ac12cc2) Importer(815301076,1909f56bfc062723c751e8b465ee728b)
Start importing Assets/Sprites/Knight Files/Knight PNG/Knight_strike_03.png using Guid(430ad9be76f3bc944b3cf1698ac12cc2) Importer(815301076,1909f56bfc062723c751e8b465ee728b) (PreviewImporter) -> (artifact id: '3c5d116079e28c4e4a173d38ef6e4fba') in 0.017809 seconds
Number of updated asset objects reloaded before import = 0Number of asset objects unloaded after import = 3

========================================================================
Received Import Request.
  Time since last request: 0.000025 seconds.
  path: Assets/Sprites/Knight Files/Knight PNG/Knight_idle_04.png
  artifactKey: Guid(7425003c38c00d144af86a40ba87c12d) Importer(815301076,1909f56bfc062723c751e8b465ee728b)
Start importing Assets/Sprites/Knight Files/Knight PNG/Knight_idle_04.png using Guid(7425003c38c00d144af86a40ba87c12d) Importer(815301076,1909f56bfc062723c751e8b465ee728b) (PreviewImporter) -> (artifact id: '51e73c30396d4de26cee71e5a4539635') in 0.0161562 seconds
Number of updated asset objects reloaded before import = 0Number of asset objects unloaded after import = 3

Editor requested this worker to shutdown with reason: Scaling down because of idle timeout
AssetImportWorker is now disconnected from the server
Process exiting
Exiting without the bug reporter. Application will terminate with return code 0